2024/07/08	13:58:48	2ea9ccac-10c2-484d-90bc-155d483d6255	MongoServerError: E11000 duplicate key error collection: emergencylocatordb.users index: email_1 dup key: { email: "masilagift@gmail.com" }	POST	/auth/register	undefined
2024/07/08	14:55:29	aee65b81-cca0-42c6-bd53-1c2e6f73ffd4	ReferenceError: Note is not defined	DELETE	/users	undefined
2024/07/09	12:44:16	bfb127c2-4efb-4073-9726-085a3a649f38	CastError: Cast to ObjectId failed for value "undefined" (type string) at path "_id" for model "User"	GET	/users/undefined	https://final-group-3-project.onrender.com
2024/07/09	12:44:16	17355525-2ec1-4b91-8a24-2e5603753b00	CastError: Cast to ObjectId failed for value "undefined" (type string) at path "_id" for model "User"	GET	/users/undefined	https://final-group-3-project.onrender.com
2024/07/09	12:44:19	7fee8b1a-214a-48c1-9521-aea058c5a865	CastError: Cast to ObjectId failed for value "undefined" (type string) at path "_id" for model "User"	GET	/users/undefined	https://final-group-3-project.onrender.com
2024/07/09	12:44:19	d702c405-cc13-4eb1-adc0-63f56c5dd1c8	CastError: Cast to ObjectId failed for value "undefined" (type string) at path "_id" for model "User"	GET	/users/undefined	https://final-group-3-project.onrender.com
2024/07/09	12:44:24	18f13b54-344d-4ef8-bf40-f8eda947e030	CastError: Cast to ObjectId failed for value "undefined" (type string) at path "_id" for model "User"	GET	/users/undefined	https://final-group-3-project.onrender.com
2024/07/09	12:44:24	b81b1809-28cc-49ba-945a-2b18ec213b1d	CastError: Cast to ObjectId failed for value "undefined" (type string) at path "_id" for model "User"	GET	/users/undefined	https://final-group-3-project.onrender.com
2024/07/09	12:44:27	b010f8a3-b0e5-4bf5-bc9f-3872c21e16da	CastError: Cast to ObjectId failed for value "undefined" (type string) at path "_id" for model "User"	GET	/users/undefined	https://final-group-3-project.onrender.com
2024/07/09	12:44:27	c81225e6-298a-4de9-a30d-c3b602459c4b	CastError: Cast to ObjectId failed for value "undefined" (type string) at path "_id" for model "User"	GET	/users/undefined	https://final-group-3-project.onrender.com
2024/07/09	12:44:36	d6884b68-e39b-4c36-8c5b-26b3e2c979aa	CastError: Cast to ObjectId failed for value "undefined" (type string) at path "_id" for model "User"	GET	/users/undefined	https://final-group-3-project.onrender.com
2024/07/09	12:44:36	14dbc37d-1164-4fd0-aaa2-e33d4f314f0f	CastError: Cast to ObjectId failed for value "undefined" (type string) at path "_id" for model "User"	GET	/users/undefined	https://final-group-3-project.onrender.com
2024/07/09	12:44:41	0e2654af-7f9e-49ac-b6f6-a9ee79d99fbd	CastError: Cast to ObjectId failed for value "undefined" (type string) at path "_id" for model "User"	GET	/users/undefined	https://final-group-3-project.onrender.com
2024/07/09	12:44:41	c26f52dc-0dfb-47a9-a50b-c60b3496e3d0	CastError: Cast to ObjectId failed for value "undefined" (type string) at path "_id" for model "User"	GET	/users/undefined	https://final-group-3-project.onrender.com
2024/07/09	12:45:23	5e50f213-0fd7-425c-a60d-71b3c42230fe	CastError: Cast to ObjectId failed for value "undefined" (type string) at path "_id" for model "User"	GET	/users/undefined	https://final-group-3-project.onrender.com
2024/07/09	12:45:23	b8f84247-4818-4c9b-8ab2-afa4b951aa82	CastError: Cast to ObjectId failed for value "undefined" (type string) at path "_id" for model "User"	GET	/users/undefined	https://final-group-3-project.onrender.com
2024/07/09	12:59:34	3555e24e-e517-473b-a6af-d1eb3460b63e	CastError: Cast to ObjectId failed for value "undefined" (type string) at path "_id" for model "User"	GET	/users/undefined	https://final-group-3-project.onrender.com
2024/07/09	12:59:34	36fe4728-c594-4025-9a96-90afa4779e97	CastError: Cast to ObjectId failed for value "undefined" (type string) at path "_id" for model "User"	GET	/users/undefined	https://final-group-3-project.onrender.com
2024/07/09	12:59:38	a459c414-7ce9-4352-b0e6-e0759af4e076	CastError: Cast to ObjectId failed for value "undefined" (type string) at path "_id" for model "User"	GET	/users/undefined	https://final-group-3-project.onrender.com
2024/07/09	12:59:38	6737999f-2cc2-46ff-a9a3-0239ea9ccfca	CastError: Cast to ObjectId failed for value "undefined" (type string) at path "_id" for model "User"	GET	/users/undefined	https://final-group-3-project.onrender.com
2024/07/09	13:20:39	290ba283-bd9c-4d5e-afcc-3d00affb320a	CastError: Cast to ObjectId failed for value "undefined" (type string) at path "_id" for model "User"	GET	/users/undefined	https://final-group-3-project.onrender.com
2024/07/09	13:20:39	833d9df1-1c27-4888-9303-0cf38a581712	CastError: Cast to ObjectId failed for value "undefined" (type string) at path "_id" for model "User"	GET	/users/undefined	https://final-group-3-project.onrender.com
2024/07/09	13:20:56	75b6c54f-4ea7-4467-85e5-cf5b8257557b	CastError: Cast to ObjectId failed for value "undefined" (type string) at path "_id" for model "User"	GET	/users/undefined	https://final-group-3-project.onrender.com
2024/07/09	13:20:56	d9625cf8-5941-49a2-9dd0-c17d3e02387a	CastError: Cast to ObjectId failed for value "undefined" (type string) at path "_id" for model "User"	GET	/users/undefined	https://final-group-3-project.onrender.com
2024/07/09	13:21:07	e22b6e0c-371c-4c02-8d8f-cf484a06c630	CastError: Cast to ObjectId failed for value "undefined" (type string) at path "_id" for model "User"	GET	/users/undefined	https://final-group-3-project.onrender.com
2024/07/09	13:21:07	75a169e2-ad75-44d2-ad97-6d709b80cf8a	CastError: Cast to ObjectId failed for value "undefined" (type string) at path "_id" for model "User"	GET	/users/undefined	https://final-group-3-project.onrender.com
2024/07/09	13:22:32	cd031081-c54e-4f2c-8087-a57d82fc4f2d	CastError: Cast to ObjectId failed for value "undefined" (type string) at path "_id" for model "User"	GET	/users/undefined	https://final-group-3-project.onrender.com
2024/07/09	13:22:33	c7ed644a-4d35-4faa-9a39-2c06059a6603	CastError: Cast to ObjectId failed for value "undefined" (type string) at path "_id" for model "User"	GET	/users/undefined	https://final-group-3-project.onrender.com
2024/07/09	13:26:22	79f98176-1b5b-4422-8d4e-d65f4d92e6e9	CastError: Cast to ObjectId failed for value "undefined" (type string) at path "_id" for model "User"	GET	/users/undefined	https://final-group-3-project.onrender.com
2024/07/09	13:26:22	2e673886-2db3-4eab-a2ce-73003a01cd02	CastError: Cast to ObjectId failed for value "undefined" (type string) at path "_id" for model "User"	GET	/users/undefined	https://final-group-3-project.onrender.com
2024/07/09	13:26:27	a2620869-f34e-4ad5-8725-2e1143cf9372	CastError: Cast to ObjectId failed for value "undefined" (type string) at path "_id" for model "User"	GET	/users/undefined	https://final-group-3-project.onrender.com
2024/07/09	13:26:27	447f4ffa-6ccf-4589-9f88-91722cbe3d62	CastError: Cast to ObjectId failed for value "undefined" (type string) at path "_id" for model "User"	GET	/users/undefined	https://final-group-3-project.onrender.com
2024/07/09	13:26:39	63935532-7751-46f8-aa9c-6eae618198b6	CastError: Cast to ObjectId failed for value "undefined" (type string) at path "_id" for model "User"	GET	/users/undefined	https://final-group-3-project.onrender.com
2024/07/09	13:26:39	bc38f9eb-ec7c-4a8b-878b-d3efec6a5f0e	CastError: Cast to ObjectId failed for value "undefined" (type string) at path "_id" for model "User"	GET	/users/undefined	https://final-group-3-project.onrender.com
2024/07/09	13:28:50	154b89e7-1767-4b75-88d2-e67b4e65c847	CastError: Cast to ObjectId failed for value "undefined" (type string) at path "_id" for model "User"	GET	/users/undefined	https://final-group-3-project.onrender.com
2024/07/09	13:28:50	2ca8b24d-6ae2-45b2-accb-4970d2d4e3ee	CastError: Cast to ObjectId failed for value "undefined" (type string) at path "_id" for model "User"	GET	/users/undefined	https://final-group-3-project.onrender.com
2024/07/09	13:30:15	31f81226-e538-41fb-b35c-a0e301d390ab	CastError: Cast to ObjectId failed for value "undefined" (type string) at path "_id" for model "User"	GET	/users/undefined	https://final-group-3-project.onrender.com
2024/07/09	13:30:15	8ba5287a-07c4-42d5-9cf5-6785db663ef5	CastError: Cast to ObjectId failed for value "undefined" (type string) at path "_id" for model "User"	GET	/users/undefined	https://final-group-3-project.onrender.com
2024/07/09	16:15:59	d23d9e18-3c91-4d34-a549-a6673b8189c7	ReferenceError: id is not defined	PATCH	/users/	https://final-group-3-project.onrender.com
2024/07/09	16:16:34	76b10a73-e952-4b73-b2c1-ccd891afa6df	ReferenceError: id is not defined	PATCH	/users/	https://final-group-3-project.onrender.com
2024/07/10	12:46:47	e6877786-2691-4394-b711-9c071d363baa	CastError: Cast to ObjectId failed for value ":668e475b42445c01790f953a" (type string) at path "_id" for model "Emergency"	GET	/emergency/:668e475b42445c01790f953a	https://final-group-3-project.onrender.com
2024/07/10	12:46:47	729c7bda-cce8-4c33-81a6-901c7c2a7309	CastError: Cast to ObjectId failed for value ":668e475b42445c01790f953a" (type string) at path "_id" for model "Emergency"	GET	/emergency/:668e475b42445c01790f953a	https://final-group-3-project.onrender.com
2024/07/10	16:38:17	d445e601-328f-4a10-8377-8077c909e610	CastError: Cast to ObjectId failed for value ":668e5eb242445c01790fb332" (type string) at path "_id" for model "Emergency"	GET	/emergency/:668e5eb242445c01790fb332	https://final-group-3-project.onrender.com
2024/07/10	16:38:17	13776f68-d5ad-4dc6-8d6d-3e4821c4d8fe	CastError: Cast to ObjectId failed for value ":668e5eb242445c01790fb332" (type string) at path "_id" for model "Emergency"	GET	/emergency/:668e5eb242445c01790fb332	https://final-group-3-project.onrender.com
2024/07/10	17:00:17	0bf8df3b-8cff-4e79-b802-b9e1c45fb95b	CastError: Cast to ObjectId failed for value "search" (type string) at path "_id" for model "User"	GET	/users/search?query=gift	https://final-group-3-project.onrender.com
2024/07/10	17:00:17	f035980a-1e1b-4de2-b003-05f4fa402d11	CastError: Cast to ObjectId failed for value "search" (type string) at path "_id" for model "User"	GET	/users/search?query=gift	https://final-group-3-project.onrender.com
2024/07/10	17:00:48	a24773f7-f012-41a2-a64a-34aff5b56cc6	CastError: Cast to ObjectId failed for value "search" (type string) at path "_id" for model "User"	GET	/users/search?query=muuo	https://final-group-3-project.onrender.com
2024/07/10	17:00:48	d1b8acfb-6da8-4b47-81bd-e7d769d8eeca	CastError: Cast to ObjectId failed for value "search" (type string) at path "_id" for model "User"	GET	/users/search?query=muuo	https://final-group-3-project.onrender.com
2024/07/10	17:01:55	034c78ae-a6c7-4b5e-b3b9-e83e8db602c1	CastError: Cast to ObjectId failed for value "search" (type string) at path "_id" for model "User"	GET	/users/search?query=668d5e04a0f98eb77fb99ff5	https://final-group-3-project.onrender.com
2024/07/10	17:01:55	07842887-dcca-41d2-976f-f833975a0500	CastError: Cast to ObjectId failed for value "search" (type string) at path "_id" for model "User"	GET	/users/search?query=668d5e04a0f98eb77fb99ff5	https://final-group-3-project.onrender.com
2024/07/10	17:05:16	7273fa95-371e-42f5-85b9-ab1fd752c4d9	CastError: Cast to ObjectId failed for value "search" (type string) at path "_id" for model "User"	GET	/users/search?query=gift	https://final-group-3-project.onrender.com
2024/07/10	17:05:16	3e3996e6-e1ee-4c42-9745-2a9b047b2a6d	CastError: Cast to ObjectId failed for value "search" (type string) at path "_id" for model "User"	GET	/users/search?query=gift	https://final-group-3-project.onrender.com
2024/07/10	17:09:21	227fc5bc-cc3c-4f3a-823e-2edcde0301aa	CastError: Cast to number failed for value "/gift/i" (type RegExp) at path "phoneNumber" for model "User"	GET	/users/search?query=gift	https://final-group-3-project.onrender.com
2024/07/10	17:09:21	c2ee42c5-81c0-471a-b58a-492ed8bf6631	CastError: Cast to number failed for value "/gift/i" (type RegExp) at path "phoneNumber" for model "User"	GET	/users/search?query=gift	https://final-group-3-project.onrender.com
2024/07/10	17:54:00	bc78ada5-6d2f-4983-9472-a50f22a1b287	CastError: Cast to ObjectId failed for value ":668e5eb242445c01790fb332" (type string) at path "_id" for model "Emergency"	GET	/emergency/:668e5eb242445c01790fb332	https://final-group-3-project.onrender.com
2024/07/10	17:54:00	65cadc18-c26e-4dd9-b08f-eb4a6f199d59	CastError: Cast to ObjectId failed for value ":668e5eb242445c01790fb332" (type string) at path "_id" for model "Emergency"	GET	/emergency/:668e5eb242445c01790fb332	https://final-group-3-project.onrender.com
2024/07/10	17:56:24	b2eb8604-516a-4ce0-baae-a2371ea93763	CastError: Cast to ObjectId failed for value ":668e5eb242445c01790fb332" (type string) at path "_id" for model "Emergency"	GET	/emergency/:668e5eb242445c01790fb332	https://final-group-3-project.onrender.com
2024/07/10	17:56:24	8812c9e8-3087-4cd3-bc6a-3aa24f272d51	CastError: Cast to ObjectId failed for value ":668e5eb242445c01790fb332" (type string) at path "_id" for model "Emergency"	GET	/emergency/:668e5eb242445c01790fb332	https://final-group-3-project.onrender.com
2024/07/10	17:59:58	22b10b39-37a9-4f55-973b-f4c68e2bea45	CastError: Cast to ObjectId failed for value ""668ea1e7632fb8a6bc924b1d"" (type string) at path "_id" for model "Emergency"	GET	/emergency/%22668ea1e7632fb8a6bc924b1d%22	https://final-group-3-project.onrender.com
2024/07/10	17:59:58	26e7fa27-2d18-44e9-a521-020346ea9747	CastError: Cast to ObjectId failed for value ""668ea1e7632fb8a6bc924b1d"" (type string) at path "_id" for model "Emergency"	GET	/emergency/%22668ea1e7632fb8a6bc924b1d%22	https://final-group-3-project.onrender.com
2024/07/10	17:59:58	608e40ad-76dc-4dbc-bdaa-4e86a3201382	CastError: Cast to ObjectId failed for value ""668ea1e7632fb8a6bc924b1d"" (type string) at path "_id" for model "Emergency"	GET	/emergency/%22668ea1e7632fb8a6bc924b1d%22	https://final-group-3-project.onrender.com
2024/07/10	17:59:58	da103d8c-e4e6-45cc-9649-590d315d5304	CastError: Cast to ObjectId failed for value ""668ea1e7632fb8a6bc924b1d"" (type string) at path "_id" for model "Emergency"	GET	/emergency/%22668ea1e7632fb8a6bc924b1d%22	https://final-group-3-project.onrender.com
2024/07/10	18:00:05	62b96905-2340-459b-87eb-f6bae5e5812a	CastError: Cast to ObjectId failed for value ""668ea1e7632fb8a6bc924b1d"" (type string) at path "_id" for model "Emergency"	GET	/emergency/%22668ea1e7632fb8a6bc924b1d%22	https://final-group-3-project.onrender.com
2024/07/10	18:00:05	cbde78de-4f5f-43dc-94fd-d6e3fd1734b8	CastError: Cast to ObjectId failed for value ""668ea1e7632fb8a6bc924b1d"" (type string) at path "_id" for model "Emergency"	GET	/emergency/%22668ea1e7632fb8a6bc924b1d%22	https://final-group-3-project.onrender.com
2024/07/10	18:00:05	9fd98680-5c92-49b1-b2c8-839dd52d6cd8	CastError: Cast to ObjectId failed for value ""668ea1e7632fb8a6bc924b1d"" (type string) at path "_id" for model "Emergency"	GET	/emergency/%22668ea1e7632fb8a6bc924b1d%22	https://final-group-3-project.onrender.com
2024/07/10	18:00:06	7c569b59-7038-4f87-9abe-0a6bc6f94f6e	CastError: Cast to ObjectId failed for value ""668ea1e7632fb8a6bc924b1d"" (type string) at path "_id" for model "Emergency"	GET	/emergency/%22668ea1e7632fb8a6bc924b1d%22	https://final-group-3-project.onrender.com
2024/07/10	18:00:07	0105c8bb-3423-470c-8efa-2b8e8b31fc48	CastError: Cast to ObjectId failed for value ""668ea1e7632fb8a6bc924b1d"" (type string) at path "_id" for model "Emergency"	GET	/emergency/%22668ea1e7632fb8a6bc924b1d%22	https://final-group-3-project.onrender.com
2024/07/10	18:00:07	5993aa12-4fa6-4668-96e5-f4062a724806	CastError: Cast to ObjectId failed for value ""668ea1e7632fb8a6bc924b1d"" (type string) at path "_id" for model "Emergency"	GET	/emergency/%22668ea1e7632fb8a6bc924b1d%22	https://final-group-3-project.onrender.com
2024/07/10	18:00:07	efaa85fb-b514-4290-95b3-b62de0f3ede2	CastError: Cast to ObjectId failed for value ""668ea1e7632fb8a6bc924b1d"" (type string) at path "_id" for model "Emergency"	GET	/emergency/%22668ea1e7632fb8a6bc924b1d%22	https://final-group-3-project.onrender.com
2024/07/10	18:00:07	471d6884-169c-4668-ba6d-aa13fa338d97	CastError: Cast to ObjectId failed for value ""668ea1e7632fb8a6bc924b1d"" (type string) at path "_id" for model "Emergency"	GET	/emergency/%22668ea1e7632fb8a6bc924b1d%22	https://final-group-3-project.onrender.com
2024/07/10	18:00:11	42472faf-b2a1-44a4-85ca-2688fdd1bd95	CastError: Cast to ObjectId failed for value ":668e5eb242445c01790fb332" (type string) at path "_id" for model "Emergency"	GET	/emergency/:668e5eb242445c01790fb332	https://final-group-3-project.onrender.com
2024/07/10	18:00:11	240a7359-8114-4e8f-8af9-d949b71349f2	CastError: Cast to ObjectId failed for value ""668ea1e7632fb8a6bc924b1d"" (type string) at path "_id" for model "Emergency"	GET	/emergency/%22668ea1e7632fb8a6bc924b1d%22	https://final-group-3-project.onrender.com
2024/07/10	18:00:11	2087b106-8919-441b-a087-cc37d17f1137	CastError: Cast to ObjectId failed for value ":668e5eb242445c01790fb332" (type string) at path "_id" for model "Emergency"	GET	/emergency/:668e5eb242445c01790fb332	https://final-group-3-project.onrender.com
2024/07/10	18:00:11	dbbaecf5-eed0-4398-8336-964e93948cd9	CastError: Cast to ObjectId failed for value ""668ea1e7632fb8a6bc924b1d"" (type string) at path "_id" for model "Emergency"	GET	/emergency/%22668ea1e7632fb8a6bc924b1d%22	https://final-group-3-project.onrender.com
2024/07/10	18:00:11	0ed68259-601c-4ff2-9e38-20a62d14003d	CastError: Cast to ObjectId failed for value ""668ea1e7632fb8a6bc924b1d"" (type string) at path "_id" for model "Emergency"	GET	/emergency/%22668ea1e7632fb8a6bc924b1d%22	https://final-group-3-project.onrender.com
2024/07/10	18:00:11	3d3fafd9-1d84-4c8b-adf3-8fd77ebcebb3	CastError: Cast to ObjectId failed for value ""668ea1e7632fb8a6bc924b1d"" (type string) at path "_id" for model "Emergency"	GET	/emergency/%22668ea1e7632fb8a6bc924b1d%22	https://final-group-3-project.onrender.com
2024/07/10	18:01:26	caf2efc1-f4ae-4a54-a64a-66645a2b67ab	CastError: Cast to ObjectId failed for value ":668e5eb242445c01790fb332" (type string) at path "_id" for model "Emergency"	GET	/emergency/:668e5eb242445c01790fb332	https://final-group-3-project.onrender.com
2024/07/10	18:01:26	611d7f77-4e1d-4642-88ab-068f83a13613	CastError: Cast to ObjectId failed for value ""668ea1e7632fb8a6bc924b1d"" (type string) at path "_id" for model "Emergency"	GET	/emergency/%22668ea1e7632fb8a6bc924b1d%22	https://final-group-3-project.onrender.com
2024/07/10	18:01:26	ccd9e29b-b9d4-4ab6-8ea0-c11bc0491990	CastError: Cast to ObjectId failed for value ":668e5eb242445c01790fb332" (type string) at path "_id" for model "Emergency"	GET	/emergency/:668e5eb242445c01790fb332	https://final-group-3-project.onrender.com
2024/07/10	18:01:26	228ec31e-975d-4945-9870-bc780f05ce3a	CastError: Cast to ObjectId failed for value ""668ea1e7632fb8a6bc924b1d"" (type string) at path "_id" for model "Emergency"	GET	/emergency/%22668ea1e7632fb8a6bc924b1d%22	https://final-group-3-project.onrender.com
2024/07/10	18:01:26	736e132a-4cf1-460e-bc76-06518febdf8e	CastError: Cast to ObjectId failed for value ""668ea1e7632fb8a6bc924b1d"" (type string) at path "_id" for model "Emergency"	GET	/emergency/%22668ea1e7632fb8a6bc924b1d%22	https://final-group-3-project.onrender.com
2024/07/10	18:01:26	e7fed867-cdaa-478b-a025-7cbd7a8cc96a	CastError: Cast to ObjectId failed for value ""668ea1e7632fb8a6bc924b1d"" (type string) at path "_id" for model "Emergency"	GET	/emergency/%22668ea1e7632fb8a6bc924b1d%22	https://final-group-3-project.onrender.com
2024/07/10	18:02:33	583ac290-c655-4268-8d22-bc6e3b01e7ef	CastError: Cast to ObjectId failed for value ":668e5eb242445c01790fb332" (type string) at path "_id" for model "Emergency"	GET	/emergency/:668e5eb242445c01790fb332	https://final-group-3-project.onrender.com
2024/07/10	18:02:33	0f180fc2-28db-46af-9b60-2c3ddf02e3e4	CastError: Cast to ObjectId failed for value ""668ea1e7632fb8a6bc924b1d"" (type string) at path "_id" for model "Emergency"	GET	/emergency/%22668ea1e7632fb8a6bc924b1d%22	https://final-group-3-project.onrender.com
2024/07/10	18:02:34	26a0ca43-6720-41ae-9b49-46ec3ea68251	CastError: Cast to ObjectId failed for value ":668e5eb242445c01790fb332" (type string) at path "_id" for model "Emergency"	GET	/emergency/:668e5eb242445c01790fb332	https://final-group-3-project.onrender.com
2024/07/10	18:02:34	f4991fd1-fe73-495e-a57d-f18e5c2cfa44	CastError: Cast to ObjectId failed for value ""668ea1e7632fb8a6bc924b1d"" (type string) at path "_id" for model "Emergency"	GET	/emergency/%22668ea1e7632fb8a6bc924b1d%22	https://final-group-3-project.onrender.com
2024/07/10	18:02:34	39bfb82a-2a4c-4d53-a5ff-23bcfb70a977	CastError: Cast to ObjectId failed for value ""668ea1e7632fb8a6bc924b1d"" (type string) at path "_id" for model "Emergency"	GET	/emergency/%22668ea1e7632fb8a6bc924b1d%22	https://final-group-3-project.onrender.com
2024/07/10	18:02:34	265e7575-e582-4009-bd52-0e5da7af188c	CastError: Cast to ObjectId failed for value ""668ea1e7632fb8a6bc924b1d"" (type string) at path "_id" for model "Emergency"	GET	/emergency/%22668ea1e7632fb8a6bc924b1d%22	https://final-group-3-project.onrender.com
2024/07/10	18:04:38	c608a5f3-6ebf-4808-a596-769bdd9200a0	CastError: Cast to ObjectId failed for value ""668ea1e7632fb8a6bc924b1d"" (type string) at path "_id" for model "Emergency"	GET	/emergency/%22668ea1e7632fb8a6bc924b1d%22	https://final-group-3-project.onrender.com
2024/07/10	18:04:38	b556ed9d-df55-4628-a44d-4448f16ba7e1	CastError: Cast to ObjectId failed for value ""668ea1e7632fb8a6bc924b1d"" (type string) at path "_id" for model "Emergency"	GET	/emergency/%22668ea1e7632fb8a6bc924b1d%22	https://final-group-3-project.onrender.com
2024/07/10	18:04:38	c05b7fa8-8fb1-496e-be20-33b9973b0a1b	CastError: Cast to ObjectId failed for value ""668ea1e7632fb8a6bc924b1d"" (type string) at path "_id" for model "Emergency"	GET	/emergency/%22668ea1e7632fb8a6bc924b1d%22	https://final-group-3-project.onrender.com
2024/07/10	18:04:38	6274892b-e103-4709-ac19-bb36418d24ea	CastError: Cast to ObjectId failed for value ""668ea1e7632fb8a6bc924b1d"" (type string) at path "_id" for model "Emergency"	GET	/emergency/%22668ea1e7632fb8a6bc924b1d%22	https://final-group-3-project.onrender.com
2024/07/10	18:04:47	37538a8b-3395-46ed-aaa6-7dc732193f52	CastError: Cast to ObjectId failed for value ""668ea1e7632fb8a6bc924b1d"" (type string) at path "_id" for model "Emergency"	GET	/emergency/%22668ea1e7632fb8a6bc924b1d%22	https://final-group-3-project.onrender.com
2024/07/10	18:04:47	bbb0e0e1-c47c-4378-bbf6-92256b9436d1	CastError: Cast to ObjectId failed for value ""668ea1e7632fb8a6bc924b1d"" (type string) at path "_id" for model "Emergency"	GET	/emergency/%22668ea1e7632fb8a6bc924b1d%22	https://final-group-3-project.onrender.com
2024/07/10	18:04:47	f3ca8da5-7763-4da4-aec8-b51ecfe475e9	CastError: Cast to ObjectId failed for value ""668ea1e7632fb8a6bc924b1d"" (type string) at path "_id" for model "Emergency"	GET	/emergency/%22668ea1e7632fb8a6bc924b1d%22	https://final-group-3-project.onrender.com
2024/07/10	18:04:48	44e8e8b0-cc84-4bda-8029-84a150b6b05c	CastError: Cast to ObjectId failed for value ""668ea1e7632fb8a6bc924b1d"" (type string) at path "_id" for model "Emergency"	GET	/emergency/%22668ea1e7632fb8a6bc924b1d%22	https://final-group-3-project.onrender.com
2024/07/10	18:46:01	4ca358b5-2fc9-4801-b5ed-32e4910af3ae	CastError: Cast to ObjectId failed for value ":668e5eb242445c01790fb332" (type string) at path "_id" for model "Emergency"	GET	/emergency/:668e5eb242445c01790fb332	https://final-group-3-project.onrender.com
2024/07/10	18:46:01	90101158-a421-4a83-aa45-201ce9a4b0e1	CastError: Cast to ObjectId failed for value ":668e5eb242445c01790fb332" (type string) at path "_id" for model "Emergency"	GET	/emergency/:668e5eb242445c01790fb332	https://final-group-3-project.onrender.com
2024/07/10	18:47:06	b8c74cab-2835-40ba-bdd7-f93698f00fb4	CastError: Cast to ObjectId failed for value ":668e5eb242445c01790fb332" (type string) at path "_id" for model "Emergency"	GET	/emergency/:668e5eb242445c01790fb332	https://final-group-3-project.onrender.com
2024/07/10	18:47:06	d677ba6f-0d4f-4525-beb9-c44e86c6ea29	CastError: Cast to ObjectId failed for value ":668e5eb242445c01790fb332" (type string) at path "_id" for model "Emergency"	GET	/emergency/:668e5eb242445c01790fb332	https://final-group-3-project.onrender.com
2024/07/10	18:48:42	08804382-d39a-44cb-ac93-ea5877aaa291	CastError: Cast to ObjectId failed for value ":668e5eb242445c01790fb332" (type string) at path "_id" for model "Emergency"	GET	/emergency/:668e5eb242445c01790fb332	https://final-group-3-project.onrender.com
2024/07/10	18:48:42	29bce674-ded6-48eb-b08a-e1f40c87377f	CastError: Cast to ObjectId failed for value ":668e5eb242445c01790fb332" (type string) at path "_id" for model "Emergency"	GET	/emergency/:668e5eb242445c01790fb332	https://final-group-3-project.onrender.com
2024/07/10	18:49:04	3f39eaab-4334-44ea-909d-6b91c7f98029	CastError: Cast to ObjectId failed for value ":668e5eb242445c01790fb332" (type string) at path "_id" for model "Emergency"	GET	/emergency/:668e5eb242445c01790fb332	https://final-group-3-project.onrender.com
2024/07/10	18:49:04	998044d2-c3db-4db4-a027-ec2a94308544	CastError: Cast to ObjectId failed for value ":668e5eb242445c01790fb332" (type string) at path "_id" for model "Emergency"	GET	/emergency/:668e5eb242445c01790fb332	https://final-group-3-project.onrender.com
2024/07/10	18:50:04	eb4421fc-beda-45d8-9412-fa08f7c04279	CastError: Cast to ObjectId failed for value ":668e5eb242445c01790fb332" (type string) at path "_id" for model "Emergency"	GET	/emergency/:668e5eb242445c01790fb332	https://final-group-3-project.onrender.com
2024/07/10	18:50:05	c26bda85-db60-4671-83a1-14bce96b0ea7	CastError: Cast to ObjectId failed for value ":668e5eb242445c01790fb332" (type string) at path "_id" for model "Emergency"	GET	/emergency/:668e5eb242445c01790fb332	https://final-group-3-project.onrender.com
2024/07/10	18:51:17	8e65432b-a3e0-40d3-9ba8-cb37f3ad60ac	CastError: Cast to ObjectId failed for value ":668e5eb242445c01790fb332" (type string) at path "_id" for model "Emergency"	GET	/emergency/:668e5eb242445c01790fb332	https://final-group-3-project.onrender.com
2024/07/10	18:51:19	d3654e32-7eda-4019-be33-815fd86fac40	CastError: Cast to ObjectId failed for value ":668e5eb242445c01790fb332" (type string) at path "_id" for model "Emergency"	GET	/emergency/:668e5eb242445c01790fb332	https://final-group-3-project.onrender.com
2024/07/10	18:51:19	15c33a15-19eb-4b0c-9bdf-b5038220e993	CastError: Cast to ObjectId failed for value ":668e5eb242445c01790fb332" (type string) at path "_id" for model "Emergency"	GET	/emergency/:668e5eb242445c01790fb332	https://final-group-3-project.onrender.com
2024/07/10	18:51:30	39980b54-afc5-46e6-a00f-2d92faef8493	CastError: Cast to ObjectId failed for value ":668e5eb242445c01790fb332" (type string) at path "_id" for model "Emergency"	GET	/emergency/:668e5eb242445c01790fb332	https://final-group-3-project.onrender.com
2024/07/10	18:51:30	0ef7137d-f4f6-4b8d-9678-9543bdb50663	CastError: Cast to ObjectId failed for value ":668e5eb242445c01790fb332" (type string) at path "_id" for model "Emergency"	GET	/emergency/:668e5eb242445c01790fb332	https://final-group-3-project.onrender.com
2024/07/10	18:52:16	2e1a648d-faed-4420-a483-f971a96610e6	CastError: Cast to ObjectId failed for value ":668e5eb242445c01790fb332" (type string) at path "_id" for model "Emergency"	GET	/emergency/:668e5eb242445c01790fb332	https://final-group-3-project.onrender.com
2024/07/10	18:52:17	d30f9355-7d3b-4309-962c-3dfb5b8182c4	CastError: Cast to ObjectId failed for value ":668e5eb242445c01790fb332" (type string) at path "_id" for model "Emergency"	GET	/emergency/:668e5eb242445c01790fb332	https://final-group-3-project.onrender.com
2024/07/10	18:54:48	f95db745-6ab0-418b-b9be-a469dbed08d4	CastError: Cast to ObjectId failed for value ":668e475b42445c01790f953a" (type string) at path "_id" for model "Emergency"	GET	/emergency/:668e475b42445c01790f953a	https://final-group-3-project.onrender.com
2024/07/10	18:54:48	d4949ad1-3b08-45ae-97d6-087f514df143	CastError: Cast to ObjectId failed for value ":668e475b42445c01790f953a" (type string) at path "_id" for model "Emergency"	GET	/emergency/:668e475b42445c01790f953a	https://final-group-3-project.onrender.com
2024/07/11	13:37:38	4fe23975-c257-4b42-9c67-8d74496b856b	ValidationError: User validation failed: email: Path `email` is required.	POST	/auth/register	https://final-group-3-project.onrender.com
2024/07/12	20:50:09	5ef1eb4d-c7b2-4714-b453-cbee8e90aaeb	Error: Not allowed by CORS	GET	/users/669111599f70199451029c19	https://final-group-3-project.onrender.com
2024/07/12	20:50:10	84bc6003-33df-46c9-8270-98de2edc0fd7	Error: Not allowed by CORS	GET	/users/669111599f70199451029c19	https://final-group-3-project.onrender.com
