2024/07/12	20:24:29	3ccd77ab-b894-4387-be3e-214c0ed31ad6	GET	/users/669111599f70199451029c19	https://final-group-3-project.onrender.com
2024/07/12	20:24:29	ec2a28e1-3ef1-45f3-8dee-08fd0a01fc9a	GET	/users/669111599f70199451029c19	https://final-group-3-project.onrender.com
2024/07/12	20:24:31	0afcf00a-b879-461e-8e4d-4b28c67c7b3c	GET	/users/669111599f70199451029c19	https://final-group-3-project.onrender.com
2024/07/12	20:24:31	50d05945-d22f-42f1-af0f-69909b7d623d	GET	/users/669111599f70199451029c19	https://final-group-3-project.onrender.com
2024/07/12	20:26:41	b576020a-56c9-470c-a5fd-cffa4bc47e50	GET	/users/669111599f70199451029c19	https://final-group-3-project.onrender.com
2024/07/12	20:26:41	7b8cbc38-4553-4360-b608-1b24c247a9a8	GET	/users/669111599f70199451029c19	https://final-group-3-project.onrender.com
2024/07/12	20:27:47	9030c6df-ebf5-42eb-948b-7c0d1c566a2e	GET	/users/669111599f70199451029c19	https://final-group-3-project.onrender.com
2024/07/12	20:27:52	9b7e8293-2ac8-4ecd-9a0e-38d3a085718f	GET	/users/669111599f70199451029c19	https://final-group-3-project.onrender.com
2024/07/12	20:27:53	fba9e526-032d-4052-a6e7-67c2de3df30f	GET	/users/669111599f70199451029c19	https://final-group-3-project.onrender.com
2024/07/12	20:41:43	eab63e98-355d-43d6-92c9-1630dc0a4ddf	GET	/users/669111599f70199451029c19	https://final-group-3-project.onrender.com
2024/07/12	20:41:43	abde72d1-33de-4688-b65d-0c565812ec9a	GET	/users/669111599f70199451029c19	https://final-group-3-project.onrender.com
2024/07/12	20:48:36	22f8a948-72b0-4423-baf4-277b2eec6b22	GET	/users/669111599f70199451029c19	https://final-group-3-project.onrender.com
2024/07/12	20:48:36	396ec95e-99da-49f4-9890-a4f5b74449b9	GET	/users/669111599f70199451029c19	https://final-group-3-project.onrender.com
2024/07/12	20:49:34	1e0257cb-a1f3-4fdf-87b7-f4e1fd294204	GET	/users/669111599f70199451029c19	https://final-group-3-project.onrender.com
2024/07/12	20:49:34	4c5f792f-b3e4-4e20-a874-2d90ff77fae7	GET	/users/669111599f70199451029c19	https://final-group-3-project.onrender.com
2024/07/12	20:50:09	33a032be-c5c7-4be6-87d4-6edfe244dab6	GET	/users/669111599f70199451029c19	https://final-group-3-project.onrender.com
2024/07/12	20:50:10	1f50c572-3160-48aa-a37f-7c67dceda5ad	GET	/users/669111599f70199451029c19	https://final-group-3-project.onrender.com
2024/07/12	20:50:29	f7bc9653-1276-475f-8858-ba00920b62f8	GET	/users/669111599f70199451029c19	https://final-group-3-project.onrender.com
2024/07/12	20:50:36	b7ef5455-4262-4b5f-82ea-d3356949c578	GET	/users/669111599f70199451029c19	https://final-group-3-project.onrender.com
2024/07/12	20:50:36	67e490f9-f592-4ba1-99ef-d502da75865c	GET	/users/669111599f70199451029c19	https://final-group-3-project.onrender.com
2024/07/12	21:27:40	d082e342-9f35-4ccd-90d7-3f477046e02a	POST	/auth/logout	https://final-group-3-project.onrender.com
2024/07/12	21:27:50	0cc2d73c-c3f2-4d98-a36a-b43cf7e256b2	OPTIONS	/auth/login	https://final-group-3-project.onrender.com
2024/07/12	21:27:50	bd3ff635-632f-46bf-a28f-d7cbc0470ae8	POST	/auth/login	https://final-group-3-project.onrender.com
2024/07/12	21:27:51	05d66dca-d2ad-4af2-85e8-a3b3d56103f5	GET	/users/669111599f70199451029c19	https://final-group-3-project.onrender.com
2024/07/12	21:27:51	ead1cbc9-73dc-4a0d-a500-79c7ffae5991	GET	/users/669111599f70199451029c19	https://final-group-3-project.onrender.com
2024/07/12	21:27:51	e4d952e3-a8bd-41ef-be75-8838cfb23436	GET	/users/669111599f70199451029c19	https://final-group-3-project.onrender.com
2024/07/12	21:28:01	cc06b013-dad1-4650-acc6-1e18324ef8e7	GET	/emergency	https://final-group-3-project.onrender.com
2024/07/12	21:28:01	d0e3eebb-3541-46b0-a56f-5eef76ff3d3d	GET	/emergency	https://final-group-3-project.onrender.com
2024/07/12	21:28:04	27863d81-d5a5-46f5-a2c9-a988a9fdcf00	GET	/emergency	https://final-group-3-project.onrender.com
2024/07/12	21:28:04	3e180c54-a420-4178-97e4-fea9a14ed001	GET	/emergency	https://final-group-3-project.onrender.com
2024/07/12	21:28:06	334c2734-18de-4610-9d56-b992ed84097b	GET	/emergency	https://final-group-3-project.onrender.com
2024/07/12	21:28:07	f6828f3b-6845-4ce0-a899-b0f2146bf553	GET	/emergency	https://final-group-3-project.onrender.com
2024/07/12	21:28:33	ea9354b6-d53f-44e3-9c5f-4175779d0a4b	OPTIONS	/emergency/669055635a6c8a2301f11f84	https://final-group-3-project.onrender.com
2024/07/12	21:28:33	1427c44e-42e3-4700-8ad3-79c54f7c5e51	PATCH	/emergency/669055635a6c8a2301f11f84	https://final-group-3-project.onrender.com
2024/07/12	21:28:34	def6b42f-1fea-4803-a197-f8c06618e85b	GET	/emergency	https://final-group-3-project.onrender.com
2024/07/12	21:28:43	09b12c47-8d5e-46df-b1c7-a6da9c0c2cbc	GET	/users/search?query=66903b475a6c8a2301f11c28	https://final-group-3-project.onrender.com
2024/07/12	21:28:43	c039c51b-9e44-411c-88b0-2e95f1e18d36	GET	/users/search?query=66903b475a6c8a2301f11c28	https://final-group-3-project.onrender.com
2024/07/12	21:28:46	465a4eef-bf92-4677-842c-5b893cc3cd58	GET	/emergency	https://final-group-3-project.onrender.com
2024/07/12	21:28:46	c38cccb6-10f0-45ad-85a8-10b530f9a2d6	GET	/emergency	https://final-group-3-project.onrender.com
2024/07/12	21:28:58	53f4a13f-c9b5-499e-a32a-cab3f901cc6d	GET	/users/search?query=66903b7e5a6c8a2301f11dc6	https://final-group-3-project.onrender.com
2024/07/12	21:28:58	e83eeb9c-d816-410f-89e9-b374864bd192	GET	/users/search?query=66903b7e5a6c8a2301f11dc6	https://final-group-3-project.onrender.com
2024/07/12	21:29:01	76c0d221-1f77-40e3-9bd6-004b5d795701	GET	/emergency	https://final-group-3-project.onrender.com
2024/07/12	21:29:01	520cc5e5-d1bf-44b8-8c92-ba19623d9b32	GET	/emergency	https://final-group-3-project.onrender.com
2024/07/12	21:29:04	673cb198-5a2e-4a7d-9191-69a0b6428bd8	GET	/emergency/669055635a6c8a2301f11f84	https://final-group-3-project.onrender.com
2024/07/12	21:29:04	09fb7144-67fc-4d4b-82d3-b7f9d186e4d3	GET	/emergency/669055635a6c8a2301f11f84	https://final-group-3-project.onrender.com
2024/07/12	21:29:04	7e3d8910-6a9e-44ac-b549-4ef150781910	GET	/users/669111599f70199451029c19	https://final-group-3-project.onrender.com
2024/07/12	21:29:04	c0b946ee-ae00-431a-b6d5-f2034e27cad8	GET	/users/669111599f70199451029c19	https://final-group-3-project.onrender.com
2024/07/12	21:30:03	97411fd7-b580-4166-852b-c260b3ac2808	GET	/emergency	https://final-group-3-project.onrender.com
2024/07/12	21:30:03	4d9ff5d7-dcaf-4f0c-b3f0-767abab1d1b7	GET	/emergency	https://final-group-3-project.onrender.com
2024/07/12	21:30:06	ba4a8ad6-890a-4109-a53f-5258592a344a	GET	/emergency/669055635a6c8a2301f11f84	https://final-group-3-project.onrender.com
2024/07/12	21:30:06	89ecf599-2fc8-4793-b94d-f171d4a53ae5	GET	/emergency/669055635a6c8a2301f11f84	https://final-group-3-project.onrender.com
2024/07/12	21:30:06	8154695a-40c9-483f-9d87-d5c2c47dd286	GET	/users/669111599f70199451029c19	https://final-group-3-project.onrender.com
2024/07/12	21:30:06	09c9d7c5-0a37-470a-b965-b089c3ae729c	GET	/users/669111599f70199451029c19	https://final-group-3-project.onrender.com
2024/07/12	21:30:32	d52be069-ac52-4cb7-a554-02cef6ba98ae	GET	/users/669111599f70199451029c19	https://final-group-3-project.onrender.com
2024/07/12	21:30:32	8dad1052-99c7-4df2-bf78-45c1e5c26155	GET	/users/669111599f70199451029c19	https://final-group-3-project.onrender.com
2024/07/12	21:30:53	25cfc109-e936-4da7-934d-adef214f7c92	OPTIONS	/emergency	https://final-group-3-project.onrender.com
2024/07/12	21:30:53	c06f6e86-6c90-4fd4-8702-026e1fe634db	POST	/emergency	https://final-group-3-project.onrender.com
2024/07/12	21:30:53	def50418-ea1e-44d4-b39e-0ddf996df1bf	GET	/emergency/6691765d35e0b5d1e993f939	https://final-group-3-project.onrender.com
2024/07/12	21:30:53	9d57ce65-9c92-4872-b6b7-4dde5495d5da	GET	/emergency/6691765d35e0b5d1e993f939	https://final-group-3-project.onrender.com
2024/07/12	21:31:02	8960e2f3-5b9f-4807-8979-62202d41fc89	GET	/emergency	https://final-group-3-project.onrender.com
2024/07/12	21:31:02	89f8d7f4-323d-4a7c-abbf-5d30be6c6e22	GET	/emergency	https://final-group-3-project.onrender.com
2024/07/12	21:31:29	ed9002df-a43a-407a-9124-8603d421b21f	OPTIONS	/emergency/6691765d35e0b5d1e993f939	https://final-group-3-project.onrender.com
2024/07/12	21:31:29	240a50a7-2014-4c8f-b039-fbd8ef9ec2e1	PATCH	/emergency/6691765d35e0b5d1e993f939	https://final-group-3-project.onrender.com
2024/07/12	21:31:29	f53eabac-9898-4fa4-ba76-62b075e2f96b	GET	/emergency	https://final-group-3-project.onrender.com
2024/07/12	21:31:34	548f19df-c3b8-453c-a32c-947614be3377	GET	/emergency/6691765d35e0b5d1e993f939	https://final-group-3-project.onrender.com
2024/07/12	21:31:34	8146f95e-9ded-4c61-b9a4-49cb2a12248e	GET	/emergency/6691765d35e0b5d1e993f939	https://final-group-3-project.onrender.com
2024/07/12	21:31:34	36ced2f1-41ea-41da-9a65-1c368c5f878e	GET	/users/669111599f70199451029c19	https://final-group-3-project.onrender.com
2024/07/12	21:31:34	36faa7ef-f7bb-46c7-99a0-184b47c1ddb8	GET	/users/669111599f70199451029c19	https://final-group-3-project.onrender.com
2024/07/12	21:31:44	91436a1a-537b-48cd-83ab-ff17b87c3d4f	GET	/emergency	https://final-group-3-project.onrender.com
2024/07/12	21:31:44	b971e795-d36f-4d68-9709-c414abefff01	GET	/emergency	https://final-group-3-project.onrender.com
2024/07/12	21:31:59	e3426723-444b-4375-a14d-0aa5c579ec10	GET	/emergency	https://final-group-3-project.onrender.com
2024/07/12	21:31:59	158f5164-afac-47dc-bba6-e900329ca169	GET	/users/669111599f70199451029c19	https://final-group-3-project.onrender.com
2024/07/12	21:31:59	81e34bee-6643-4e63-af46-011e005026bd	GET	/emergency	https://final-group-3-project.onrender.com
2024/07/12	21:31:59	b56d8d29-9a10-4a0e-b3fa-fbca95f53204	GET	/users/669111599f70199451029c19	https://final-group-3-project.onrender.com
2024/07/12	21:31:59	4dd28086-c0e6-4bec-b42a-85bb92dbc718	GET	/emergency	https://final-group-3-project.onrender.com
2024/07/12	21:32:00	5877deb5-df24-4e3c-aae8-2f75ec6c8aa8	GET	/emergency	https://final-group-3-project.onrender.com
2024/07/12	21:32:00	9bfe2f79-6d6d-4d7b-b072-497fa67b86f7	GET	/emergency	https://final-group-3-project.onrender.com
2024/07/12	21:32:00	9ddfccdc-8c79-4568-b70c-0f3525b96eae	GET	/emergency	https://final-group-3-project.onrender.com
2024/07/12	21:32:08	b1bf407b-b7e4-49eb-b12a-aa12704103bc	OPTIONS	/emergency/66917675289b97a33626e16c	https://final-group-3-project.onrender.com
2024/07/12	21:32:08	71e4b18e-d34d-4618-b695-a9e571cf2506	PATCH	/emergency/66917675289b97a33626e16c	https://final-group-3-project.onrender.com
2024/07/12	21:32:08	e484a8c0-52f2-4b09-ad8d-fae86604a197	GET	/emergency	https://final-group-3-project.onrender.com
2024/07/12	21:32:11	04ef75ad-1bda-49ed-aa48-c954b440388c	GET	/emergency/66917675289b97a33626e16c	https://final-group-3-project.onrender.com
2024/07/12	21:32:11	13dda165-82c1-415a-a6f8-a8e577a750ef	GET	/emergency/66917675289b97a33626e16c	https://final-group-3-project.onrender.com
2024/07/12	21:32:11	45e51e39-1eaa-4fdd-a83a-312765dfdc01	GET	/users/669111599f70199451029c19	https://final-group-3-project.onrender.com
2024/07/12	21:32:11	86a2b95e-8425-4d25-973b-bcd54217d72e	GET	/users/669111599f70199451029c19	https://final-group-3-project.onrender.com
2024/07/12	21:32:33	46ccbc35-0682-43eb-8230-facc24a50c6d	GET	/emergency	https://final-group-3-project.onrender.com
2024/07/12	21:32:33	df945d9c-f355-40b5-b5fa-70d5a86d19a1	GET	/emergency	https://final-group-3-project.onrender.com
2024/07/12	21:32:44	bccfc2cc-71fc-4687-9a35-fb2766351878	GET	/users/search?query=angela	https://final-group-3-project.onrender.com
2024/07/12	21:32:44	7b467cfa-2b31-4c2c-988a-5aac71fd9d9a	GET	/users/search?query=angela	https://final-group-3-project.onrender.com
2024/07/12	21:32:47	9a8eb280-19b6-4dc7-bfb6-8e546773613d	GET	/users/search?query=ch	https://final-group-3-project.onrender.com
2024/07/12	22:57:21	75c2f247-e407-4ef1-af06-6f584c5b05e2	GET	/users/669111599f70199451029c19	https://final-group-3-project.onrender.com
2024/07/12	22:57:21	073a853e-9732-471c-9191-f2c176b73c9a	GET	/users/669111599f70199451029c19	https://final-group-3-project.onrender.com
2024/07/12	23:08:07	7c28f8af-23da-4ff2-b62b-4b997c7a205b	GET	/users/669111599f70199451029c19	https://final-group-3-project.onrender.com
2024/07/12	23:08:12	fd91027e-bd94-4011-b81b-1dbb84697797	GET	/users/669111599f70199451029c19	https://final-group-3-project.onrender.com
2024/07/12	23:08:12	3c16d5b7-e483-45fe-a6f4-88c545f712ae	GET	/users/669111599f70199451029c19	https://final-group-3-project.onrender.com
2024/07/12	23:09:21	99a363f6-69a2-48fb-86ea-449ac5194fd4	GET	/users/669111599f70199451029c19	https://final-group-3-project.onrender.com
2024/07/12	23:09:21	618ef1c4-e002-4fe9-b7a7-d53cea33f82c	GET	/users/669111599f70199451029c19	https://final-group-3-project.onrender.com
2024/07/12	23:10:24	5e65c3d7-bbb6-4754-ad28-5d34c7bc2deb	GET	/users/669111599f70199451029c19	https://final-group-3-project.onrender.com
2024/07/12	23:10:24	c7873a23-8e9d-48f3-9976-9a39c9da1318	GET	/users/669111599f70199451029c19	https://final-group-3-project.onrender.com
2024/07/12	23:14:24	0e2baef3-9758-4a51-9a2b-5782b075ae9a	GET	/users/669111599f70199451029c19	https://final-group-3-project.onrender.com
2024/07/12	23:14:24	a47b0941-90d0-47f1-8379-f1a246e9e945	GET	/users/669111599f70199451029c19	https://final-group-3-project.onrender.com
2024/07/12	23:14:54	cb024e6c-ecd3-49a8-8284-224742d6fbd3	GET	/users/669111599f70199451029c19	https://final-group-3-project.onrender.com
2024/07/12	23:14:54	90b9087a-ca9a-4a9b-9a25-f280d219f30b	GET	/users/669111599f70199451029c19	https://final-group-3-project.onrender.com
2024/07/12	23:16:18	dd26ca68-d986-4949-baf6-61eb359fdfcb	GET	/users/669111599f70199451029c19	https://final-group-3-project.onrender.com
2024/07/12	23:16:18	170db15f-7aed-49d8-acbb-57c44f970bb5	GET	/users/669111599f70199451029c19	https://final-group-3-project.onrender.com
2024/07/12	23:18:45	6e8410bd-8637-4576-8932-f7a9fd551d2b	GET	/users/669111599f70199451029c19	https://final-group-3-project.onrender.com
2024/07/12	23:18:45	869ab56e-5963-474a-b629-3d3236cb9cbe	GET	/users/669111599f70199451029c19	https://final-group-3-project.onrender.com
2024/07/12	23:24:20	94594a7a-5c28-4a90-bb42-26d2cea4fa63	GET	/users/669111599f70199451029c19	https://final-group-3-project.onrender.com
2024/07/12	23:24:20	bba99d3e-a0e5-4c5c-9935-4da32d13e391	GET	/users/669111599f70199451029c19	https://final-group-3-project.onrender.com
2024/07/12	23:34:36	8eb23a96-e801-45b9-a58d-a01f3dd852b6	GET	/users/669111599f70199451029c19	https://final-group-3-project.onrender.com
2024/07/12	23:34:36	ae533711-0660-4f98-9e4f-b649e86721d4	GET	/users/669111599f70199451029c19	https://final-group-3-project.onrender.com
2024/07/12	23:46:24	93d60f7c-4957-48f9-86cb-392f94aa9417	GET	/users/669111599f70199451029c19	https://final-group-3-project.onrender.com
2024/07/12	23:46:24	ace8d9a2-e8cd-4cf4-a9cc-6932a408dc24	GET	/users/669111599f70199451029c19	https://final-group-3-project.onrender.com
2024/07/13	00:25:46	cfb7b04d-88ff-4f8a-8a5d-b787a671bdb6	GET	/users/669111599f70199451029c19	https://final-group-3-project.onrender.com
2024/07/13	00:25:46	4df9e903-7dd6-4b19-bac4-4a6ca473e6fd	GET	/users/669111599f70199451029c19	https://final-group-3-project.onrender.com
2024/07/13	00:26:57	9363b39d-7d67-468d-9ca8-f5c10ab81f5b	GET	/emergency	https://final-group-3-project.onrender.com
2024/07/13	00:26:57	5e2b88f0-cf2a-4dee-9867-af3d67a9d11c	GET	/emergency	https://final-group-3-project.onrender.com
